<?xml version="1.0" encoding="UTF-8"?>
<!-- Generated by org.testng.reporters.JUnitReportReporter -->
<testsuite hostname="LAPTOP-SA5R6J34" failures="0" tests="5" name="com.orangehrm.testscript.CustomerModule" time="0.018" errors="0" timestamp="2025-05-01T16:07:33 IST" skipped="0">
  <testcase classname="com.orangehrm.testscript.CustomerModule" name="CreateCustomer" time="0.012">
    <system-out>
      <![CDATA[create customer]]>
    </system-out>
  </testcase> <!-- CreateCustomer -->
  <testcase classname="com.orangehrm.testscript.CustomerModule" name="CreateCustomer" time="0.002">
    <system-out>
      <![CDATA[create customer]]>
    </system-out>
  </testcase> <!-- CreateCustomer -->
  <testcase classname="com.orangehrm.testscript.CustomerModule" name="CreateCustomer" time="0.002">
    <system-out>
      <![CDATA[create customer]]>
    </system-out>
  </testcase> <!-- CreateCustomer -->
  <testcase classname="com.orangehrm.testscript.CustomerModule" name="ModifyCustomer" time="0.001">
    <system-out>
      <![CDATA[modify customer]]>
    </system-out>
  </testcase> <!-- ModifyCustomer -->
  <testcase classname="com.orangehrm.testscript.CustomerModule" name="DeleteCustomer" time="0.001">
    <system-out>
      <![CDATA[delete customer]]>
    </system-out>
  </testcase> <!-- DeleteCustomer -->
  <system-out>
    <![CDATA[create customer
create customer
create customer
modify customer
delete customer]]>
  </system-out>
</testsuite> <!-- com.orangehrm.testscript.CustomerModule -->
