<?xml version="1.0" encoding="UTF-8"?>
<!-- Generated by org.testng.reporters.JUnitReportReporter -->
<testsuite hostname="LAPTOP-SA5R6J34" failures="0" tests="1" name="com.orangehrm.testscript.Demo" time="0.012" errors="0" timestamp="2025-05-01T19:37:46 ICT" skipped="0">
  <testcase classname="com.orangehrm.testscript.Demo" name="testDemo" time="0.012">
    <system-out>
      <![CDATA[welcome to testing]]>
    </system-out>
  </testcase> <!-- testDemo -->
  <system-out>
    <![CDATA[welcome to testing]]>
  </system-out>
</testsuite> <!-- com.orangehrm.testscript.Demo -->
